{"timestamp":"2025-07-16T12:01:31.010967","level":"info","event":"Filling up the DagBag from /opt/airflow/dags/example2.py","logger":"airflow.models.dagbag.DagBag"}
{"timestamp":"2025-07-16T12:04:55.157156","level":"info","event":"Filling up the DagBag from /opt/airflow/dags/example2.py","logger":"airflow.models.dagbag.DagBag"}
{"timestamp":"2025-07-16T12:05:35.357495","level":"info","event":"Filling up the DagBag from /opt/airflow/dags/example2.py","logger":"airflow.models.dagbag.DagBag"}
{"timestamp":"2025-07-16T12:06:08.914701","level":"info","event":"Filling up the DagBag from /opt/airflow/dags/example2.py","logger":"airflow.models.dagbag.DagBag"}
{"timestamp":"2025-07-16T12:06:43.751008","level":"info","event":"Filling up the DagBag from /opt/airflow/dags/example2.py","logger":"airflow.models.dagbag.DagBag"}
{"timestamp":"2025-07-16T12:07:20.941315","level":"info","event":"Filling up the DagBag from /opt/airflow/dags/example2.py","logger":"airflow.models.dagbag.DagBag"}
{"timestamp":"2025-07-16T12:08:09.099891","level":"info","event":"Filling up the DagBag from /opt/airflow/dags/example2.py","logger":"airflow.models.dagbag.DagBag"}
{"timestamp":"2025-07-16T12:08:43.732417","level":"info","event":"Filling up the DagBag from /opt/airflow/dags/example2.py","logger":"airflow.models.dagbag.DagBag"}
{"timestamp":"2025-07-16T12:09:14.998840","level":"info","event":"Filling up the DagBag from /opt/airflow/dags/example2.py","logger":"airflow.models.dagbag.DagBag"}
{"timestamp":"2025-07-16T12:09:45.532078","level":"info","event":"Filling up the DagBag from /opt/airflow/dags/example2.py","logger":"airflow.models.dagbag.DagBag"}
{"timestamp":"2025-07-16T12:10:15.689590","level":"info","event":"Filling up the DagBag from /opt/airflow/dags/example2.py","logger":"airflow.models.dagbag.DagBag"}
{"timestamp":"2025-07-16T12:10:46.340458","level":"info","event":"Filling up the DagBag from /opt/airflow/dags/example2.py","logger":"airflow.models.dagbag.DagBag"}
{"timestamp":"2025-07-16T12:11:16.744496","level":"info","event":"Filling up the DagBag from /opt/airflow/dags/example2.py","logger":"airflow.models.dagbag.DagBag"}
{"timestamp":"2025-07-16T12:11:47.211569","level":"info","event":"Filling up the DagBag from /opt/airflow/dags/example2.py","logger":"airflow.models.dagbag.DagBag"}
{"timestamp":"2025-07-16T12:12:17.961202","level":"info","event":"Filling up the DagBag from /opt/airflow/dags/example2.py","logger":"airflow.models.dagbag.DagBag"}
{"timestamp":"2025-07-16T12:12:48.774084","level":"info","event":"Filling up the DagBag from /opt/airflow/dags/example2.py","logger":"airflow.models.dagbag.DagBag"}
{"timestamp":"2025-07-16T12:13:19.253106","level":"info","event":"Filling up the DagBag from /opt/airflow/dags/example2.py","logger":"airflow.models.dagbag.DagBag"}
{"timestamp":"2025-07-16T12:13:50.596988","level":"info","event":"Filling up the DagBag from /opt/airflow/dags/example2.py","logger":"airflow.models.dagbag.DagBag"}
{"timestamp":"2025-07-16T12:14:21.976694","level":"info","event":"Filling up the DagBag from /opt/airflow/dags/example2.py","logger":"airflow.models.dagbag.DagBag"}
{"timestamp":"2025-07-16T12:14:54.730068","level":"info","event":"Filling up the DagBag from /opt/airflow/dags/example2.py","logger":"airflow.models.dagbag.DagBag"}
{"timestamp":"2025-07-16T12:15:30.774621","level":"info","event":"Filling up the DagBag from /opt/airflow/dags/example2.py","logger":"airflow.models.dagbag.DagBag"}
{"timestamp":"2025-07-16T12:16:54.906766","level":"info","event":"Filling up the DagBag from /opt/airflow/dags/example2.py","logger":"airflow.models.dagbag.DagBag"}
{"timestamp":"2025-07-16T12:17:33.358586","level":"info","event":"Filling up the DagBag from /opt/airflow/dags/example2.py","logger":"airflow.models.dagbag.DagBag"}
{"timestamp":"2025-07-16T12:18:28.606684","level":"info","event":"Filling up the DagBag from /opt/airflow/dags/example2.py","logger":"airflow.models.dagbag.DagBag"}
{"timestamp":"2025-07-16T12:20:04.621567","level":"info","event":"Filling up the DagBag from /opt/airflow/dags/example2.py","logger":"airflow.models.dagbag.DagBag"}
{"timestamp":"2025-07-16T12:23:29.856709","level":"info","event":"Filling up the DagBag from /opt/airflow/dags/example2.py","logger":"airflow.models.dagbag.DagBag"}
{"timestamp":"2025-07-16T12:25:14.333765","level":"info","event":"Filling up the DagBag from /opt/airflow/dags/example2.py","logger":"airflow.models.dagbag.DagBag"}
{"timestamp":"2025-07-16T12:27:59.892226","level":"info","event":"Filling up the DagBag from /opt/airflow/dags/example2.py","logger":"airflow.models.dagbag.DagBag"}
{"timestamp":"2025-07-16T12:29:54.259963","level":"info","event":"Filling up the DagBag from /opt/airflow/dags/example2.py","logger":"airflow.models.dagbag.DagBag"}
{"timestamp":"2025-07-16T12:30:29.245759","level":"error","event":"Process timed out, PID: 440","logger":"airflow.utils.timeout.TimeoutPosix"}
{"timestamp":"2025-07-16T12:30:29.462481","level":"error","event":"Failed to import: /opt/airflow/dags/example2.py","logger":"airflow.models.dagbag.DagBag","error_detail":[{"exc_type":"AirflowTaskTimeout","exc_value":"DagBag import timeout for /opt/airflow/dags/example2.py after 30.0s.\nPlease take a look at these docs to improve your DAG import time:\n* https://airflow.apache.org/docs/apache-airflow/3.0.2/best-practices.html#top-level-python-code\n* https://airflow.apache.org/docs/apache-airflow/3.0.2/best-practices.html#reducing-dag-complexity, PID: 440","exc_notes":[],"syntax_error":null,"is_cause":false,"frames":[{"filename":"/home/airflow/.local/lib/python3.10/site-packages/airflow/models/dagbag.py","lineno":394,"name":"parse"},{"filename":"<frozen importlib._bootstrap_external>","lineno":883,"name":"exec_module"},{"filename":"<frozen importlib._bootstrap>","lineno":241,"name":"_call_with_frames_removed"},{"filename":"/opt/airflow/dags/example2.py","lineno":22,"name":"<module>"},{"filename":"/home/airflow/.local/lib/python3.10/site-packages/airflow/sdk/definitions/dag.py","lineno":1401,"name":"factory"},{"filename":"/home/airflow/.local/lib/python3.10/site-packages/airflow/sdk/definitions/dag.py","lineno":592,"name":"__enter__"},{"filename":"/home/airflow/.local/lib/python3.10/site-packages/airflow/sdk/definitions/_internal/contextmanager.py","lineno":74,"name":"push"},{"filename":"/home/airflow/.local/lib/python3.10/site-packages/airflow/utils/timeout.py","lineno":69,"name":"handle_timeout"}],"is_group":false,"exceptions":[]}]}
{"timestamp":"2025-07-16T12:32:45.302267","level":"info","event":"Filling up the DagBag from /opt/airflow/dags/example2.py","logger":"airflow.models.dagbag.DagBag"}
{"timestamp":"2025-07-16T12:33:16.431539","level":"error","event":"Process timed out, PID: 464","logger":"airflow.utils.timeout.TimeoutPosix"}
{"timestamp":"2025-07-16T12:33:17.311292","level":"error","event":"Failed to import: /opt/airflow/dags/example2.py","logger":"airflow.models.dagbag.DagBag","error_detail":[{"exc_type":"AirflowTaskTimeout","exc_value":"DagBag import timeout for /opt/airflow/dags/example2.py after 30.0s.\nPlease take a look at these docs to improve your DAG import time:\n* https://airflow.apache.org/docs/apache-airflow/3.0.2/best-practices.html#top-level-python-code\n* https://airflow.apache.org/docs/apache-airflow/3.0.2/best-practices.html#reducing-dag-complexity, PID: 464","exc_notes":[],"syntax_error":null,"is_cause":false,"frames":[{"filename":"/home/airflow/.local/lib/python3.10/site-packages/airflow/models/dagbag.py","lineno":394,"name":"parse"},{"filename":"<frozen importlib._bootstrap_external>","lineno":883,"name":"exec_module"},{"filename":"<frozen importlib._bootstrap>","lineno":241,"name":"_call_with_frames_removed"},{"filename":"/opt/airflow/dags/example2.py","lineno":22,"name":"<module>"},{"filename":"/home/airflow/.local/lib/python3.10/site-packages/airflow/sdk/definitions/dag.py","lineno":1401,"name":"factory"},{"filename":"<attrs generated methods airflow.sdk.definitions.dag.DAG>","lineno":81,"name":"__init__"},{"filename":"/home/airflow/.local/lib/python3.10/site-packages/airflow/sdk/definitions/dag.py","lineno":462,"name":"__attrs_post_init__"},{"filename":"/home/airflow/.local/lib/python3.10/site-packages/airflow/utils/timezone.py","lineno":101,"name":"convert_to_utc"},{"filename":"/home/airflow/.local/lib/python3.10/site-packages/airflow/sdk/execution_time/supervisor.py","lineno":305,"name":"__getattr__"},{"filename":"/home/airflow/.local/lib/python3.10/site-packages/airflow/utils/timeout.py","lineno":69,"name":"handle_timeout"}],"is_group":false,"exceptions":[]}]}
{"timestamp":"2025-07-16T16:00:39.528429","level":"info","event":"Filling up the DagBag from /opt/airflow/dags/example2.py","logger":"airflow.models.dagbag.DagBag"}
{"timestamp":"2025-07-16T16:01:15.614556","level":"info","event":"Filling up the DagBag from /opt/airflow/dags/example2.py","logger":"airflow.models.dagbag.DagBag"}
{"timestamp":"2025-07-16T16:01:46.380760","level":"info","event":"Filling up the DagBag from /opt/airflow/dags/example2.py","logger":"airflow.models.dagbag.DagBag"}
{"timestamp":"2025-07-16T16:02:17.130604","level":"info","event":"Filling up the DagBag from /opt/airflow/dags/example2.py","logger":"airflow.models.dagbag.DagBag"}
{"timestamp":"2025-07-16T16:02:48.252058","level":"info","event":"Filling up the DagBag from /opt/airflow/dags/example2.py","logger":"airflow.models.dagbag.DagBag"}
{"timestamp":"2025-07-16T16:03:18.989976","level":"info","event":"Filling up the DagBag from /opt/airflow/dags/example2.py","logger":"airflow.models.dagbag.DagBag"}
{"timestamp":"2025-07-16T16:03:50.207866","level":"info","event":"Filling up the DagBag from /opt/airflow/dags/example2.py","logger":"airflow.models.dagbag.DagBag"}
{"timestamp":"2025-07-16T16:04:20.435507","level":"info","event":"Filling up the DagBag from /opt/airflow/dags/example2.py","logger":"airflow.models.dagbag.DagBag"}
{"timestamp":"2025-07-16T16:04:51.062794","level":"info","event":"Filling up the DagBag from /opt/airflow/dags/example2.py","logger":"airflow.models.dagbag.DagBag"}
{"timestamp":"2025-07-16T16:05:21.418613","level":"info","event":"Filling up the DagBag from /opt/airflow/dags/example2.py","logger":"airflow.models.dagbag.DagBag"}
{"timestamp":"2025-07-16T16:05:53.345888","level":"info","event":"Filling up the DagBag from /opt/airflow/dags/example2.py","logger":"airflow.models.dagbag.DagBag"}
{"timestamp":"2025-07-16T16:06:24.097738","level":"info","event":"Filling up the DagBag from /opt/airflow/dags/example2.py","logger":"airflow.models.dagbag.DagBag"}
{"timestamp":"2025-07-16T16:06:54.663880","level":"info","event":"Filling up the DagBag from /opt/airflow/dags/example2.py","logger":"airflow.models.dagbag.DagBag"}
{"timestamp":"2025-07-16T16:07:25.908531","level":"info","event":"Filling up the DagBag from /opt/airflow/dags/example2.py","logger":"airflow.models.dagbag.DagBag"}
{"timestamp":"2025-07-16T16:07:56.258799","level":"info","event":"Filling up the DagBag from /opt/airflow/dags/example2.py","logger":"airflow.models.dagbag.DagBag"}
{"timestamp":"2025-07-16T16:08:27.211067","level":"info","event":"Filling up the DagBag from /opt/airflow/dags/example2.py","logger":"airflow.models.dagbag.DagBag"}
{"timestamp":"2025-07-16T16:08:58.105589","level":"info","event":"Filling up the DagBag from /opt/airflow/dags/example2.py","logger":"airflow.models.dagbag.DagBag"}
{"timestamp":"2025-07-16T16:09:28.402486","level":"info","event":"Filling up the DagBag from /opt/airflow/dags/example2.py","logger":"airflow.models.dagbag.DagBag"}
{"timestamp":"2025-07-16T16:09:59.400526","level":"info","event":"Filling up the DagBag from /opt/airflow/dags/example2.py","logger":"airflow.models.dagbag.DagBag"}
{"timestamp":"2025-07-16T16:10:29.624845","level":"info","event":"Filling up the DagBag from /opt/airflow/dags/example2.py","logger":"airflow.models.dagbag.DagBag"}
{"timestamp":"2025-07-16T16:11:00.871033","level":"info","event":"Filling up the DagBag from /opt/airflow/dags/example2.py","logger":"airflow.models.dagbag.DagBag"}
{"timestamp":"2025-07-16T16:11:32.701020","level":"info","event":"Filling up the DagBag from /opt/airflow/dags/example2.py","logger":"airflow.models.dagbag.DagBag"}
{"timestamp":"2025-07-16T16:12:03.235471","level":"info","event":"Filling up the DagBag from /opt/airflow/dags/example2.py","logger":"airflow.models.dagbag.DagBag"}
{"timestamp":"2025-07-16T16:12:33.785885","level":"info","event":"Filling up the DagBag from /opt/airflow/dags/example2.py","logger":"airflow.models.dagbag.DagBag"}
{"timestamp":"2025-07-16T16:13:04.616144","level":"info","event":"Filling up the DagBag from /opt/airflow/dags/example2.py","logger":"airflow.models.dagbag.DagBag"}
{"timestamp":"2025-07-16T16:13:37.233586","level":"info","event":"Filling up the DagBag from /opt/airflow/dags/example2.py","logger":"airflow.models.dagbag.DagBag"}
{"timestamp":"2025-07-16T16:14:07.898090","level":"info","event":"Filling up the DagBag from /opt/airflow/dags/example2.py","logger":"airflow.models.dagbag.DagBag"}
{"timestamp":"2025-07-16T16:14:38.913549","level":"info","event":"Filling up the DagBag from /opt/airflow/dags/example2.py","logger":"airflow.models.dagbag.DagBag"}
{"timestamp":"2025-07-16T16:15:09.569549","level":"info","event":"Filling up the DagBag from /opt/airflow/dags/example2.py","logger":"airflow.models.dagbag.DagBag"}
{"timestamp":"2025-07-16T16:15:40.604001","level":"info","event":"Filling up the DagBag from /opt/airflow/dags/example2.py","logger":"airflow.models.dagbag.DagBag"}
{"timestamp":"2025-07-16T16:16:11.384236","level":"info","event":"Filling up the DagBag from /opt/airflow/dags/example2.py","logger":"airflow.models.dagbag.DagBag"}
{"timestamp":"2025-07-16T16:16:42.338049","level":"info","event":"Filling up the DagBag from /opt/airflow/dags/example2.py","logger":"airflow.models.dagbag.DagBag"}
{"timestamp":"2025-07-16T16:17:12.605345","level":"info","event":"Filling up the DagBag from /opt/airflow/dags/example2.py","logger":"airflow.models.dagbag.DagBag"}
{"timestamp":"2025-07-16T16:17:42.858443","level":"info","event":"Filling up the DagBag from /opt/airflow/dags/example2.py","logger":"airflow.models.dagbag.DagBag"}
{"timestamp":"2025-07-16T16:18:15.968930","level":"info","event":"Filling up the DagBag from /opt/airflow/dags/example2.py","logger":"airflow.models.dagbag.DagBag"}
{"timestamp":"2025-07-16T16:18:51.393299","level":"info","event":"Filling up the DagBag from /opt/airflow/dags/example2.py","logger":"airflow.models.dagbag.DagBag"}
{"timestamp":"2025-07-16T16:19:23.619721","level":"info","event":"Filling up the DagBag from /opt/airflow/dags/example2.py","logger":"airflow.models.dagbag.DagBag"}
{"timestamp":"2025-07-16T16:19:55.665174","level":"info","event":"Filling up the DagBag from /opt/airflow/dags/example2.py","logger":"airflow.models.dagbag.DagBag"}
{"timestamp":"2025-07-16T16:20:28.237360","level":"info","event":"Filling up the DagBag from /opt/airflow/dags/example2.py","logger":"airflow.models.dagbag.DagBag"}
{"timestamp":"2025-07-16T16:20:59.571375","level":"info","event":"Filling up the DagBag from /opt/airflow/dags/example2.py","logger":"airflow.models.dagbag.DagBag"}
{"timestamp":"2025-07-16T16:21:30.950261","level":"info","event":"Filling up the DagBag from /opt/airflow/dags/example2.py","logger":"airflow.models.dagbag.DagBag"}
{"timestamp":"2025-07-16T16:22:02.096300","level":"info","event":"Filling up the DagBag from /opt/airflow/dags/example2.py","logger":"airflow.models.dagbag.DagBag"}
{"timestamp":"2025-07-16T16:22:33.014653","level":"info","event":"Filling up the DagBag from /opt/airflow/dags/example2.py","logger":"airflow.models.dagbag.DagBag"}
{"timestamp":"2025-07-16T16:23:04.362726","level":"info","event":"Filling up the DagBag from /opt/airflow/dags/example2.py","logger":"airflow.models.dagbag.DagBag"}
{"timestamp":"2025-07-16T16:23:35.855371","level":"info","event":"Filling up the DagBag from /opt/airflow/dags/example2.py","logger":"airflow.models.dagbag.DagBag"}
{"timestamp":"2025-07-16T16:24:06.473835","level":"info","event":"Filling up the DagBag from /opt/airflow/dags/example2.py","logger":"airflow.models.dagbag.DagBag"}
{"timestamp":"2025-07-16T16:24:36.682563","level":"info","event":"Filling up the DagBag from /opt/airflow/dags/example2.py","logger":"airflow.models.dagbag.DagBag"}
{"timestamp":"2025-07-16T16:25:07.657491","level":"info","event":"Filling up the DagBag from /opt/airflow/dags/example2.py","logger":"airflow.models.dagbag.DagBag"}
{"timestamp":"2025-07-16T16:25:38.259220","level":"info","event":"Filling up the DagBag from /opt/airflow/dags/example2.py","logger":"airflow.models.dagbag.DagBag"}
{"timestamp":"2025-07-16T16:26:08.891205","level":"info","event":"Filling up the DagBag from /opt/airflow/dags/example2.py","logger":"airflow.models.dagbag.DagBag"}
{"timestamp":"2025-07-16T16:26:40.666558","level":"info","event":"Filling up the DagBag from /opt/airflow/dags/example2.py","logger":"airflow.models.dagbag.DagBag"}
{"timestamp":"2025-07-16T16:27:11.143797","level":"info","event":"Filling up the DagBag from /opt/airflow/dags/example2.py","logger":"airflow.models.dagbag.DagBag"}
{"timestamp":"2025-07-16T16:27:41.389758","level":"info","event":"Filling up the DagBag from /opt/airflow/dags/example2.py","logger":"airflow.models.dagbag.DagBag"}
{"timestamp":"2025-07-16T16:28:11.862518","level":"info","event":"Filling up the DagBag from /opt/airflow/dags/example2.py","logger":"airflow.models.dagbag.DagBag"}
{"timestamp":"2025-07-16T16:28:42.359664","level":"info","event":"Filling up the DagBag from /opt/airflow/dags/example2.py","logger":"airflow.models.dagbag.DagBag"}
{"timestamp":"2025-07-16T16:29:13.074560","level":"info","event":"Filling up the DagBag from /opt/airflow/dags/example2.py","logger":"airflow.models.dagbag.DagBag"}
{"timestamp":"2025-07-16T16:29:43.998342","level":"info","event":"Filling up the DagBag from /opt/airflow/dags/example2.py","logger":"airflow.models.dagbag.DagBag"}
{"timestamp":"2025-07-16T16:30:14.916133","level":"info","event":"Filling up the DagBag from /opt/airflow/dags/example2.py","logger":"airflow.models.dagbag.DagBag"}
{"timestamp":"2025-07-16T16:30:45.358264","level":"info","event":"Filling up the DagBag from /opt/airflow/dags/example2.py","logger":"airflow.models.dagbag.DagBag"}
{"timestamp":"2025-07-16T16:31:16.059182","level":"info","event":"Filling up the DagBag from /opt/airflow/dags/example2.py","logger":"airflow.models.dagbag.DagBag"}
{"timestamp":"2025-07-16T16:31:46.242839","level":"info","event":"Filling up the DagBag from /opt/airflow/dags/example2.py","logger":"airflow.models.dagbag.DagBag"}
{"timestamp":"2025-07-16T16:32:17.089879","level":"info","event":"Filling up the DagBag from /opt/airflow/dags/example2.py","logger":"airflow.models.dagbag.DagBag"}
{"timestamp":"2025-07-16T16:32:47.825056","level":"info","event":"Filling up the DagBag from /opt/airflow/dags/example2.py","logger":"airflow.models.dagbag.DagBag"}
{"timestamp":"2025-07-16T16:33:17.998031","level":"info","event":"Filling up the DagBag from /opt/airflow/dags/example2.py","logger":"airflow.models.dagbag.DagBag"}
{"timestamp":"2025-07-16T16:33:48.969274","level":"info","event":"Filling up the DagBag from /opt/airflow/dags/example2.py","logger":"airflow.models.dagbag.DagBag"}
{"timestamp":"2025-07-16T16:34:19.688984","level":"info","event":"Filling up the DagBag from /opt/airflow/dags/example2.py","logger":"airflow.models.dagbag.DagBag"}
{"timestamp":"2025-07-16T16:34:50.397754","level":"info","event":"Filling up the DagBag from /opt/airflow/dags/example2.py","logger":"airflow.models.dagbag.DagBag"}
{"timestamp":"2025-07-16T16:35:24.662286","level":"info","event":"Filling up the DagBag from /opt/airflow/dags/example2.py","logger":"airflow.models.dagbag.DagBag"}
{"timestamp":"2025-07-16T16:35:58.119140","level":"info","event":"Filling up the DagBag from /opt/airflow/dags/example2.py","logger":"airflow.models.dagbag.DagBag"}
{"timestamp":"2025-07-16T16:36:40.013738","level":"info","event":"Filling up the DagBag from /opt/airflow/dags/example2.py","logger":"airflow.models.dagbag.DagBag"}
{"timestamp":"2025-07-16T16:37:15.434057","level":"info","event":"Filling up the DagBag from /opt/airflow/dags/example2.py","logger":"airflow.models.dagbag.DagBag"}
{"timestamp":"2025-07-16T16:37:48.398525","level":"info","event":"Filling up the DagBag from /opt/airflow/dags/example2.py","logger":"airflow.models.dagbag.DagBag"}
{"timestamp":"2025-07-16T16:38:19.019404","level":"info","event":"Filling up the DagBag from /opt/airflow/dags/example2.py","logger":"airflow.models.dagbag.DagBag"}
{"timestamp":"2025-07-16T16:38:49.914964","level":"info","event":"Filling up the DagBag from /opt/airflow/dags/example2.py","logger":"airflow.models.dagbag.DagBag"}
{"timestamp":"2025-07-16T16:39:20.805533","level":"info","event":"Filling up the DagBag from /opt/airflow/dags/example2.py","logger":"airflow.models.dagbag.DagBag"}
{"timestamp":"2025-07-16T16:39:51.267837","level":"info","event":"Filling up the DagBag from /opt/airflow/dags/example2.py","logger":"airflow.models.dagbag.DagBag"}
{"timestamp":"2025-07-16T16:40:22.025895","level":"info","event":"Filling up the DagBag from /opt/airflow/dags/example2.py","logger":"airflow.models.dagbag.DagBag"}
{"timestamp":"2025-07-16T16:40:52.733893","level":"info","event":"Filling up the DagBag from /opt/airflow/dags/example2.py","logger":"airflow.models.dagbag.DagBag"}
{"timestamp":"2025-07-16T16:41:23.728431","level":"info","event":"Filling up the DagBag from /opt/airflow/dags/example2.py","logger":"airflow.models.dagbag.DagBag"}
{"timestamp":"2025-07-16T16:41:54.604366","level":"info","event":"Filling up the DagBag from /opt/airflow/dags/example2.py","logger":"airflow.models.dagbag.DagBag"}
{"timestamp":"2025-07-16T16:42:25.515520","level":"info","event":"Filling up the DagBag from /opt/airflow/dags/example2.py","logger":"airflow.models.dagbag.DagBag"}
{"timestamp":"2025-07-16T16:42:56.113676","level":"info","event":"Filling up the DagBag from /opt/airflow/dags/example2.py","logger":"airflow.models.dagbag.DagBag"}
{"timestamp":"2025-07-16T16:43:26.636228","level":"info","event":"Filling up the DagBag from /opt/airflow/dags/example2.py","logger":"airflow.models.dagbag.DagBag"}
{"timestamp":"2025-07-16T16:43:57.298038","level":"info","event":"Filling up the DagBag from /opt/airflow/dags/example2.py","logger":"airflow.models.dagbag.DagBag"}
{"timestamp":"2025-07-16T16:44:28.309557","level":"info","event":"Filling up the DagBag from /opt/airflow/dags/example2.py","logger":"airflow.models.dagbag.DagBag"}
{"timestamp":"2025-07-16T16:44:58.871777","level":"info","event":"Filling up the DagBag from /opt/airflow/dags/example2.py","logger":"airflow.models.dagbag.DagBag"}
{"timestamp":"2025-07-16T16:45:29.343133","level":"info","event":"Filling up the DagBag from /opt/airflow/dags/example2.py","logger":"airflow.models.dagbag.DagBag"}
{"timestamp":"2025-07-16T16:45:59.966719","level":"info","event":"Filling up the DagBag from /opt/airflow/dags/example2.py","logger":"airflow.models.dagbag.DagBag"}
{"timestamp":"2025-07-16T16:46:30.511414","level":"info","event":"Filling up the DagBag from /opt/airflow/dags/example2.py","logger":"airflow.models.dagbag.DagBag"}
{"timestamp":"2025-07-16T16:47:01.218021","level":"info","event":"Filling up the DagBag from /opt/airflow/dags/example2.py","logger":"airflow.models.dagbag.DagBag"}
{"timestamp":"2025-07-16T16:47:31.407672","level":"info","event":"Filling up the DagBag from /opt/airflow/dags/example2.py","logger":"airflow.models.dagbag.DagBag"}
{"timestamp":"2025-07-16T16:48:02.046060","level":"info","event":"Filling up the DagBag from /opt/airflow/dags/example2.py","logger":"airflow.models.dagbag.DagBag"}
{"timestamp":"2025-07-16T16:48:32.874995","level":"info","event":"Filling up the DagBag from /opt/airflow/dags/example2.py","logger":"airflow.models.dagbag.DagBag"}
{"timestamp":"2025-07-16T16:49:03.269351","level":"info","event":"Filling up the DagBag from /opt/airflow/dags/example2.py","logger":"airflow.models.dagbag.DagBag"}
{"timestamp":"2025-07-16T16:49:34.017182","level":"info","event":"Filling up the DagBag from /opt/airflow/dags/example2.py","logger":"airflow.models.dagbag.DagBag"}
{"timestamp":"2025-07-16T16:50:04.151014","level":"info","event":"Filling up the DagBag from /opt/airflow/dags/example2.py","logger":"airflow.models.dagbag.DagBag"}
{"timestamp":"2025-07-16T16:50:34.819432","level":"info","event":"Filling up the DagBag from /opt/airflow/dags/example2.py","logger":"airflow.models.dagbag.DagBag"}
{"timestamp":"2025-07-16T16:51:05.390982","level":"info","event":"Filling up the DagBag from /opt/airflow/dags/example2.py","logger":"airflow.models.dagbag.DagBag"}
{"timestamp":"2025-07-16T16:51:36.073257","level":"info","event":"Filling up the DagBag from /opt/airflow/dags/example2.py","logger":"airflow.models.dagbag.DagBag"}
{"timestamp":"2025-07-16T16:52:06.720073","level":"info","event":"Filling up the DagBag from /opt/airflow/dags/example2.py","logger":"airflow.models.dagbag.DagBag"}
{"timestamp":"2025-07-16T16:52:37.274291","level":"info","event":"Filling up the DagBag from /opt/airflow/dags/example2.py","logger":"airflow.models.dagbag.DagBag"}
{"timestamp":"2025-07-16T16:53:07.919172","level":"info","event":"Filling up the DagBag from /opt/airflow/dags/example2.py","logger":"airflow.models.dagbag.DagBag"}
{"timestamp":"2025-07-16T16:53:38.775831","level":"info","event":"Filling up the DagBag from /opt/airflow/dags/example2.py","logger":"airflow.models.dagbag.DagBag"}
{"timestamp":"2025-07-16T16:54:09.338100","level":"info","event":"Filling up the DagBag from /opt/airflow/dags/example2.py","logger":"airflow.models.dagbag.DagBag"}
{"timestamp":"2025-07-16T16:54:40.172861","level":"info","event":"Filling up the DagBag from /opt/airflow/dags/example2.py","logger":"airflow.models.dagbag.DagBag"}
{"timestamp":"2025-07-16T16:55:11.061996","level":"info","event":"Filling up the DagBag from /opt/airflow/dags/example2.py","logger":"airflow.models.dagbag.DagBag"}
{"timestamp":"2025-07-16T16:55:41.920634","level":"info","event":"Filling up the DagBag from /opt/airflow/dags/example2.py","logger":"airflow.models.dagbag.DagBag"}
{"timestamp":"2025-07-16T16:56:12.800232","level":"info","event":"Filling up the DagBag from /opt/airflow/dags/example2.py","logger":"airflow.models.dagbag.DagBag"}
{"timestamp":"2025-07-16T16:56:43.082685","level":"info","event":"Filling up the DagBag from /opt/airflow/dags/example2.py","logger":"airflow.models.dagbag.DagBag"}
{"timestamp":"2025-07-16T16:57:13.651720","level":"info","event":"Filling up the DagBag from /opt/airflow/dags/example2.py","logger":"airflow.models.dagbag.DagBag"}
{"timestamp":"2025-07-16T16:57:44.339218","level":"info","event":"Filling up the DagBag from /opt/airflow/dags/example2.py","logger":"airflow.models.dagbag.DagBag"}
{"timestamp":"2025-07-16T16:58:15.559101","level":"info","event":"Filling up the DagBag from /opt/airflow/dags/example2.py","logger":"airflow.models.dagbag.DagBag"}
{"timestamp":"2025-07-16T16:58:45.882734","level":"info","event":"Filling up the DagBag from /opt/airflow/dags/example2.py","logger":"airflow.models.dagbag.DagBag"}
{"timestamp":"2025-07-16T16:59:16.546073","level":"info","event":"Filling up the DagBag from /opt/airflow/dags/example2.py","logger":"airflow.models.dagbag.DagBag"}
{"timestamp":"2025-07-16T16:59:47.370184","level":"info","event":"Filling up the DagBag from /opt/airflow/dags/example2.py","logger":"airflow.models.dagbag.DagBag"}
{"timestamp":"2025-07-16T17:00:17.740036","level":"info","event":"Filling up the DagBag from /opt/airflow/dags/example2.py","logger":"airflow.models.dagbag.DagBag"}
{"timestamp":"2025-07-16T17:00:48.748363","level":"info","event":"Filling up the DagBag from /opt/airflow/dags/example2.py","logger":"airflow.models.dagbag.DagBag"}
{"timestamp":"2025-07-16T17:01:19.570103","level":"info","event":"Filling up the DagBag from /opt/airflow/dags/example2.py","logger":"airflow.models.dagbag.DagBag"}
{"timestamp":"2025-07-16T17:01:50.682766","level":"info","event":"Filling up the DagBag from /opt/airflow/dags/example2.py","logger":"airflow.models.dagbag.DagBag"}
{"timestamp":"2025-07-16T17:02:21.200190","level":"info","event":"Filling up the DagBag from /opt/airflow/dags/example2.py","logger":"airflow.models.dagbag.DagBag"}
{"timestamp":"2025-07-16T17:02:51.931080","level":"info","event":"Filling up the DagBag from /opt/airflow/dags/example2.py","logger":"airflow.models.dagbag.DagBag"}
{"timestamp":"2025-07-16T17:03:22.693487","level":"info","event":"Filling up the DagBag from /opt/airflow/dags/example2.py","logger":"airflow.models.dagbag.DagBag"}
{"timestamp":"2025-07-16T17:03:53.597337","level":"info","event":"Filling up the DagBag from /opt/airflow/dags/example2.py","logger":"airflow.models.dagbag.DagBag"}
{"timestamp":"2025-07-16T17:04:24.153053","level":"info","event":"Filling up the DagBag from /opt/airflow/dags/example2.py","logger":"airflow.models.dagbag.DagBag"}
{"timestamp":"2025-07-16T17:04:54.459087","level":"info","event":"Filling up the DagBag from /opt/airflow/dags/example2.py","logger":"airflow.models.dagbag.DagBag"}
{"timestamp":"2025-07-16T17:05:24.905541","level":"info","event":"Filling up the DagBag from /opt/airflow/dags/example2.py","logger":"airflow.models.dagbag.DagBag"}
{"timestamp":"2025-07-16T17:05:55.309069","level":"info","event":"Filling up the DagBag from /opt/airflow/dags/example2.py","logger":"airflow.models.dagbag.DagBag"}
{"timestamp":"2025-07-16T17:06:25.717501","level":"info","event":"Filling up the DagBag from /opt/airflow/dags/example2.py","logger":"airflow.models.dagbag.DagBag"}
{"timestamp":"2025-07-16T17:06:56.105130","level":"info","event":"Filling up the DagBag from /opt/airflow/dags/example2.py","logger":"airflow.models.dagbag.DagBag"}
{"timestamp":"2025-07-16T17:07:26.897557","level":"info","event":"Filling up the DagBag from /opt/airflow/dags/example2.py","logger":"airflow.models.dagbag.DagBag"}
{"timestamp":"2025-07-16T17:07:57.271889","level":"info","event":"Filling up the DagBag from /opt/airflow/dags/example2.py","logger":"airflow.models.dagbag.DagBag"}
{"timestamp":"2025-07-16T17:08:27.608155","level":"info","event":"Filling up the DagBag from /opt/airflow/dags/example2.py","logger":"airflow.models.dagbag.DagBag"}
{"timestamp":"2025-07-16T17:08:58.425426","level":"info","event":"Filling up the DagBag from /opt/airflow/dags/example2.py","logger":"airflow.models.dagbag.DagBag"}
{"timestamp":"2025-07-16T17:09:28.800004","level":"info","event":"Filling up the DagBag from /opt/airflow/dags/example2.py","logger":"airflow.models.dagbag.DagBag"}
{"timestamp":"2025-07-16T17:09:59.357246","level":"info","event":"Filling up the DagBag from /opt/airflow/dags/example2.py","logger":"airflow.models.dagbag.DagBag"}
{"timestamp":"2025-07-16T17:10:29.778666","level":"info","event":"Filling up the DagBag from /opt/airflow/dags/example2.py","logger":"airflow.models.dagbag.DagBag"}
{"timestamp":"2025-07-16T17:11:00.137842","level":"info","event":"Filling up the DagBag from /opt/airflow/dags/example2.py","logger":"airflow.models.dagbag.DagBag"}
{"timestamp":"2025-07-16T17:11:30.502550","level":"info","event":"Filling up the DagBag from /opt/airflow/dags/example2.py","logger":"airflow.models.dagbag.DagBag"}
{"timestamp":"2025-07-16T17:12:01.162890","level":"info","event":"Filling up the DagBag from /opt/airflow/dags/example2.py","logger":"airflow.models.dagbag.DagBag"}
{"timestamp":"2025-07-16T17:12:31.296001","level":"info","event":"Filling up the DagBag from /opt/airflow/dags/example2.py","logger":"airflow.models.dagbag.DagBag"}
{"timestamp":"2025-07-16T17:13:01.819354","level":"info","event":"Filling up the DagBag from /opt/airflow/dags/example2.py","logger":"airflow.models.dagbag.DagBag"}
{"timestamp":"2025-07-16T17:13:32.360292","level":"info","event":"Filling up the DagBag from /opt/airflow/dags/example2.py","logger":"airflow.models.dagbag.DagBag"}
{"timestamp":"2025-07-16T17:14:02.758928","level":"info","event":"Filling up the DagBag from /opt/airflow/dags/example2.py","logger":"airflow.models.dagbag.DagBag"}
{"timestamp":"2025-07-16T17:14:33.194389","level":"info","event":"Filling up the DagBag from /opt/airflow/dags/example2.py","logger":"airflow.models.dagbag.DagBag"}
{"timestamp":"2025-07-16T17:15:03.974702","level":"info","event":"Filling up the DagBag from /opt/airflow/dags/example2.py","logger":"airflow.models.dagbag.DagBag"}
{"timestamp":"2025-07-16T17:15:34.295227","level":"info","event":"Filling up the DagBag from /opt/airflow/dags/example2.py","logger":"airflow.models.dagbag.DagBag"}
{"timestamp":"2025-07-16T17:16:04.822047","level":"info","event":"Filling up the DagBag from /opt/airflow/dags/example2.py","logger":"airflow.models.dagbag.DagBag"}
{"timestamp":"2025-07-16T17:16:35.141877","level":"info","event":"Filling up the DagBag from /opt/airflow/dags/example2.py","logger":"airflow.models.dagbag.DagBag"}
{"timestamp":"2025-07-16T17:17:05.463188","level":"info","event":"Filling up the DagBag from /opt/airflow/dags/example2.py","logger":"airflow.models.dagbag.DagBag"}
{"timestamp":"2025-07-16T17:17:36.043080","level":"info","event":"Filling up the DagBag from /opt/airflow/dags/example2.py","logger":"airflow.models.dagbag.DagBag"}
{"timestamp":"2025-07-16T17:18:06.462853","level":"info","event":"Filling up the DagBag from /opt/airflow/dags/example2.py","logger":"airflow.models.dagbag.DagBag"}
{"timestamp":"2025-07-16T17:18:36.973759","level":"info","event":"Filling up the DagBag from /opt/airflow/dags/example2.py","logger":"airflow.models.dagbag.DagBag"}
{"timestamp":"2025-07-16T17:19:07.526502","level":"info","event":"Filling up the DagBag from /opt/airflow/dags/example2.py","logger":"airflow.models.dagbag.DagBag"}
{"timestamp":"2025-07-16T17:19:37.884745","level":"info","event":"Filling up the DagBag from /opt/airflow/dags/example2.py","logger":"airflow.models.dagbag.DagBag"}
{"timestamp":"2025-07-16T17:20:08.338664","level":"info","event":"Filling up the DagBag from /opt/airflow/dags/example2.py","logger":"airflow.models.dagbag.DagBag"}
{"timestamp":"2025-07-16T17:20:38.678831","level":"info","event":"Filling up the DagBag from /opt/airflow/dags/example2.py","logger":"airflow.models.dagbag.DagBag"}
{"timestamp":"2025-07-16T17:21:09.041007","level":"info","event":"Filling up the DagBag from /opt/airflow/dags/example2.py","logger":"airflow.models.dagbag.DagBag"}
{"timestamp":"2025-07-16T17:21:39.338271","level":"info","event":"Filling up the DagBag from /opt/airflow/dags/example2.py","logger":"airflow.models.dagbag.DagBag"}
{"timestamp":"2025-07-16T17:22:09.854529","level":"info","event":"Filling up the DagBag from /opt/airflow/dags/example2.py","logger":"airflow.models.dagbag.DagBag"}
{"timestamp":"2025-07-16T17:22:40.366115","level":"info","event":"Filling up the DagBag from /opt/airflow/dags/example2.py","logger":"airflow.models.dagbag.DagBag"}
{"timestamp":"2025-07-16T17:23:10.825397","level":"info","event":"Filling up the DagBag from /opt/airflow/dags/example2.py","logger":"airflow.models.dagbag.DagBag"}
{"timestamp":"2025-07-16T19:20:59.291405","level":"info","event":"Filling up the DagBag from /opt/airflow/dags/example2.py","logger":"airflow.models.dagbag.DagBag"}
{"timestamp":"2025-07-16T19:21:30.283746","level":"info","event":"Filling up the DagBag from /opt/airflow/dags/example2.py","logger":"airflow.models.dagbag.DagBag"}
{"timestamp":"2025-07-16T19:22:00.631581","level":"info","event":"Filling up the DagBag from /opt/airflow/dags/example2.py","logger":"airflow.models.dagbag.DagBag"}
{"timestamp":"2025-07-16T19:22:30.933450","level":"info","event":"Filling up the DagBag from /opt/airflow/dags/example2.py","logger":"airflow.models.dagbag.DagBag"}
{"timestamp":"2025-07-16T19:23:01.288348","level":"info","event":"Filling up the DagBag from /opt/airflow/dags/example2.py","logger":"airflow.models.dagbag.DagBag"}
{"timestamp":"2025-07-16T19:23:31.915226","level":"info","event":"Filling up the DagBag from /opt/airflow/dags/example2.py","logger":"airflow.models.dagbag.DagBag"}
{"timestamp":"2025-07-16T19:24:02.191679","level":"info","event":"Filling up the DagBag from /opt/airflow/dags/example2.py","logger":"airflow.models.dagbag.DagBag"}
{"timestamp":"2025-07-16T19:24:32.670911","level":"info","event":"Filling up the DagBag from /opt/airflow/dags/example2.py","logger":"airflow.models.dagbag.DagBag"}
{"timestamp":"2025-07-16T19:25:03.337141","level":"info","event":"Filling up the DagBag from /opt/airflow/dags/example2.py","logger":"airflow.models.dagbag.DagBag"}
{"timestamp":"2025-07-16T19:25:34.351995","level":"info","event":"Filling up the DagBag from /opt/airflow/dags/example2.py","logger":"airflow.models.dagbag.DagBag"}
{"timestamp":"2025-07-16T19:26:04.645576","level":"info","event":"Filling up the DagBag from /opt/airflow/dags/example2.py","logger":"airflow.models.dagbag.DagBag"}
{"timestamp":"2025-07-16T19:58:24.150269","level":"info","event":"Filling up the DagBag from /opt/airflow/dags/example2.py","logger":"airflow.models.dagbag.DagBag"}
{"timestamp":"2025-07-16T19:58:54.862045","level":"info","event":"Filling up the DagBag from /opt/airflow/dags/example2.py","logger":"airflow.models.dagbag.DagBag"}
{"timestamp":"2025-07-16T19:59:25.308240","level":"info","event":"Filling up the DagBag from /opt/airflow/dags/example2.py","logger":"airflow.models.dagbag.DagBag"}
{"timestamp":"2025-07-16T19:59:55.842325","level":"info","event":"Filling up the DagBag from /opt/airflow/dags/example2.py","logger":"airflow.models.dagbag.DagBag"}
{"timestamp":"2025-07-16T20:00:26.115156","level":"info","event":"Filling up the DagBag from /opt/airflow/dags/example2.py","logger":"airflow.models.dagbag.DagBag"}
{"timestamp":"2025-07-16T20:00:56.565041","level":"info","event":"Filling up the DagBag from /opt/airflow/dags/example2.py","logger":"airflow.models.dagbag.DagBag"}
{"timestamp":"2025-07-16T20:01:26.879771","level":"info","event":"Filling up the DagBag from /opt/airflow/dags/example2.py","logger":"airflow.models.dagbag.DagBag"}
{"timestamp":"2025-07-16T20:01:57.385365","level":"info","event":"Filling up the DagBag from /opt/airflow/dags/example2.py","logger":"airflow.models.dagbag.DagBag"}
{"timestamp":"2025-07-16T20:02:27.646094","level":"info","event":"Filling up the DagBag from /opt/airflow/dags/example2.py","logger":"airflow.models.dagbag.DagBag"}
{"timestamp":"2025-07-16T20:02:58.504766","level":"info","event":"Filling up the DagBag from /opt/airflow/dags/example2.py","logger":"airflow.models.dagbag.DagBag"}
{"timestamp":"2025-07-16T20:03:28.951762","level":"info","event":"Filling up the DagBag from /opt/airflow/dags/example2.py","logger":"airflow.models.dagbag.DagBag"}
{"timestamp":"2025-07-16T20:04:00.317387","level":"info","event":"Filling up the DagBag from /opt/airflow/dags/example2.py","logger":"airflow.models.dagbag.DagBag"}
{"timestamp":"2025-07-16T20:04:30.743809","level":"info","event":"Filling up the DagBag from /opt/airflow/dags/example2.py","logger":"airflow.models.dagbag.DagBag"}
{"timestamp":"2025-07-16T20:05:01.202226","level":"info","event":"Filling up the DagBag from /opt/airflow/dags/example2.py","logger":"airflow.models.dagbag.DagBag"}
{"timestamp":"2025-07-16T20:05:32.048516","level":"info","event":"Filling up the DagBag from /opt/airflow/dags/example2.py","logger":"airflow.models.dagbag.DagBag"}
{"timestamp":"2025-07-16T20:06:02.652968","level":"info","event":"Filling up the DagBag from /opt/airflow/dags/example2.py","logger":"airflow.models.dagbag.DagBag"}
{"timestamp":"2025-07-16T20:06:32.939933","level":"info","event":"Filling up the DagBag from /opt/airflow/dags/example2.py","logger":"airflow.models.dagbag.DagBag"}
{"timestamp":"2025-07-16T20:07:03.472447","level":"info","event":"Filling up the DagBag from /opt/airflow/dags/example2.py","logger":"airflow.models.dagbag.DagBag"}
{"timestamp":"2025-07-16T20:07:34.062449","level":"info","event":"Filling up the DagBag from /opt/airflow/dags/example2.py","logger":"airflow.models.dagbag.DagBag"}
{"timestamp":"2025-07-16T20:12:27.010507","level":"info","event":"Filling up the DagBag from /opt/airflow/dags/example2.py","logger":"airflow.models.dagbag.DagBag"}
{"timestamp":"2025-07-16T20:12:58.109328","level":"info","event":"Filling up the DagBag from /opt/airflow/dags/example2.py","logger":"airflow.models.dagbag.DagBag"}
{"timestamp":"2025-07-16T20:13:28.892573","level":"info","event":"Filling up the DagBag from /opt/airflow/dags/example2.py","logger":"airflow.models.dagbag.DagBag"}
{"timestamp":"2025-07-16T20:13:59.775255","level":"info","event":"Filling up the DagBag from /opt/airflow/dags/example2.py","logger":"airflow.models.dagbag.DagBag"}
{"timestamp":"2025-07-16T20:14:30.499987","level":"info","event":"Filling up the DagBag from /opt/airflow/dags/example2.py","logger":"airflow.models.dagbag.DagBag"}
{"timestamp":"2025-07-16T21:03:07.507112","level":"info","event":"Filling up the DagBag from /opt/airflow/dags/example2.py","logger":"airflow.models.dagbag.DagBag"}
{"timestamp":"2025-07-16T21:03:44.278940","level":"info","event":"Filling up the DagBag from /opt/airflow/dags/example2.py","logger":"airflow.models.dagbag.DagBag"}
{"timestamp":"2025-07-16T21:04:17.671935","level":"info","event":"Filling up the DagBag from /opt/airflow/dags/example2.py","logger":"airflow.models.dagbag.DagBag"}
{"timestamp":"2025-07-16T21:04:48.949694","level":"info","event":"Filling up the DagBag from /opt/airflow/dags/example2.py","logger":"airflow.models.dagbag.DagBag"}
{"timestamp":"2025-07-16T21:05:22.268985","level":"info","event":"Filling up the DagBag from /opt/airflow/dags/example2.py","logger":"airflow.models.dagbag.DagBag"}
{"timestamp":"2025-07-16T21:05:53.638371","level":"info","event":"Filling up the DagBag from /opt/airflow/dags/example2.py","logger":"airflow.models.dagbag.DagBag"}
{"timestamp":"2025-07-16T21:06:24.050980","level":"info","event":"Filling up the DagBag from /opt/airflow/dags/example2.py","logger":"airflow.models.dagbag.DagBag"}
{"timestamp":"2025-07-16T21:06:54.797903","level":"info","event":"Filling up the DagBag from /opt/airflow/dags/example2.py","logger":"airflow.models.dagbag.DagBag"}
{"timestamp":"2025-07-16T21:07:28.237238","level":"info","event":"Filling up the DagBag from /opt/airflow/dags/example2.py","logger":"airflow.models.dagbag.DagBag"}
{"timestamp":"2025-07-16T21:08:00.281461","level":"info","event":"Filling up the DagBag from /opt/airflow/dags/example2.py","logger":"airflow.models.dagbag.DagBag"}
{"timestamp":"2025-07-16T21:08:30.923073","level":"info","event":"Filling up the DagBag from /opt/airflow/dags/example2.py","logger":"airflow.models.dagbag.DagBag"}
{"timestamp":"2025-07-16T21:09:01.693998","level":"info","event":"Filling up the DagBag from /opt/airflow/dags/example2.py","logger":"airflow.models.dagbag.DagBag"}
{"timestamp":"2025-07-16T21:09:32.734974","level":"info","event":"Filling up the DagBag from /opt/airflow/dags/example2.py","logger":"airflow.models.dagbag.DagBag"}
{"timestamp":"2025-07-16T21:10:03.430638","level":"info","event":"Filling up the DagBag from /opt/airflow/dags/example2.py","logger":"airflow.models.dagbag.DagBag"}
{"timestamp":"2025-07-16T21:10:36.768008","level":"info","event":"Filling up the DagBag from /opt/airflow/dags/example2.py","logger":"airflow.models.dagbag.DagBag"}
{"timestamp":"2025-07-16T21:11:07.600279","level":"info","event":"Filling up the DagBag from /opt/airflow/dags/example2.py","logger":"airflow.models.dagbag.DagBag"}
{"timestamp":"2025-07-16T21:11:38.193449","level":"info","event":"Filling up the DagBag from /opt/airflow/dags/example2.py","logger":"airflow.models.dagbag.DagBag"}
{"timestamp":"2025-07-16T21:12:08.716303","level":"info","event":"Filling up the DagBag from /opt/airflow/dags/example2.py","logger":"airflow.models.dagbag.DagBag"}
{"timestamp":"2025-07-16T21:12:39.241382","level":"info","event":"Filling up the DagBag from /opt/airflow/dags/example2.py","logger":"airflow.models.dagbag.DagBag"}
{"timestamp":"2025-07-16T21:13:09.620280","level":"info","event":"Filling up the DagBag from /opt/airflow/dags/example2.py","logger":"airflow.models.dagbag.DagBag"}
{"timestamp":"2025-07-16T21:13:40.780422","level":"info","event":"Filling up the DagBag from /opt/airflow/dags/example2.py","logger":"airflow.models.dagbag.DagBag"}
{"timestamp":"2025-07-16T21:14:11.485951","level":"info","event":"Filling up the DagBag from /opt/airflow/dags/example2.py","logger":"airflow.models.dagbag.DagBag"}
{"timestamp":"2025-07-16T21:14:42.086507","level":"info","event":"Filling up the DagBag from /opt/airflow/dags/example2.py","logger":"airflow.models.dagbag.DagBag"}
{"timestamp":"2025-07-16T21:15:12.547800","level":"info","event":"Filling up the DagBag from /opt/airflow/dags/example2.py","logger":"airflow.models.dagbag.DagBag"}
{"timestamp":"2025-07-16T21:15:43.014627","level":"info","event":"Filling up the DagBag from /opt/airflow/dags/example2.py","logger":"airflow.models.dagbag.DagBag"}
{"timestamp":"2025-07-16T21:16:13.546822","level":"info","event":"Filling up the DagBag from /opt/airflow/dags/example2.py","logger":"airflow.models.dagbag.DagBag"}
{"timestamp":"2025-07-16T21:16:44.095212","level":"info","event":"Filling up the DagBag from /opt/airflow/dags/example2.py","logger":"airflow.models.dagbag.DagBag"}
{"timestamp":"2025-07-16T21:17:14.604227","level":"info","event":"Filling up the DagBag from /opt/airflow/dags/example2.py","logger":"airflow.models.dagbag.DagBag"}
{"timestamp":"2025-07-16T21:17:45.189233","level":"info","event":"Filling up the DagBag from /opt/airflow/dags/example2.py","logger":"airflow.models.dagbag.DagBag"}
{"timestamp":"2025-07-16T21:18:15.833994","level":"info","event":"Filling up the DagBag from /opt/airflow/dags/example2.py","logger":"airflow.models.dagbag.DagBag"}
{"timestamp":"2025-07-16T21:18:46.455322","level":"info","event":"Filling up the DagBag from /opt/airflow/dags/example2.py","logger":"airflow.models.dagbag.DagBag"}
{"timestamp":"2025-07-16T21:19:16.979991","level":"info","event":"Filling up the DagBag from /opt/airflow/dags/example2.py","logger":"airflow.models.dagbag.DagBag"}
{"timestamp":"2025-07-16T21:19:47.524243","level":"info","event":"Filling up the DagBag from /opt/airflow/dags/example2.py","logger":"airflow.models.dagbag.DagBag"}
{"timestamp":"2025-07-16T21:20:18.203658","level":"info","event":"Filling up the DagBag from /opt/airflow/dags/example2.py","logger":"airflow.models.dagbag.DagBag"}
{"timestamp":"2025-07-16T21:20:48.705133","level":"info","event":"Filling up the DagBag from /opt/airflow/dags/example2.py","logger":"airflow.models.dagbag.DagBag"}
{"timestamp":"2025-07-16T21:21:19.345580","level":"info","event":"Filling up the DagBag from /opt/airflow/dags/example2.py","logger":"airflow.models.dagbag.DagBag"}
{"timestamp":"2025-07-16T21:21:50.211142","level":"info","event":"Filling up the DagBag from /opt/airflow/dags/example2.py","logger":"airflow.models.dagbag.DagBag"}
{"timestamp":"2025-07-16T21:22:20.831173","level":"info","event":"Filling up the DagBag from /opt/airflow/dags/example2.py","logger":"airflow.models.dagbag.DagBag"}
{"timestamp":"2025-07-16T21:22:51.464150","level":"info","event":"Filling up the DagBag from /opt/airflow/dags/example2.py","logger":"airflow.models.dagbag.DagBag"}
{"timestamp":"2025-07-16T21:23:21.989969","level":"info","event":"Filling up the DagBag from /opt/airflow/dags/example2.py","logger":"airflow.models.dagbag.DagBag"}
{"timestamp":"2025-07-16T21:23:52.529377","level":"info","event":"Filling up the DagBag from /opt/airflow/dags/example2.py","logger":"airflow.models.dagbag.DagBag"}
{"timestamp":"2025-07-16T21:24:23.004832","level":"info","event":"Filling up the DagBag from /opt/airflow/dags/example2.py","logger":"airflow.models.dagbag.DagBag"}
{"timestamp":"2025-07-16T21:24:53.509370","level":"info","event":"Filling up the DagBag from /opt/airflow/dags/example2.py","logger":"airflow.models.dagbag.DagBag"}
{"timestamp":"2025-07-16T22:08:29.794136","level":"info","event":"Filling up the DagBag from /opt/airflow/dags/example2.py","logger":"airflow.models.dagbag.DagBag"}
{"timestamp":"2025-07-16T22:09:00.272665","level":"info","event":"Filling up the DagBag from /opt/airflow/dags/example2.py","logger":"airflow.models.dagbag.DagBag"}
{"timestamp":"2025-07-16T22:09:30.860516","level":"info","event":"Filling up the DagBag from /opt/airflow/dags/example2.py","logger":"airflow.models.dagbag.DagBag"}
{"timestamp":"2025-07-16T22:10:01.470246","level":"info","event":"Filling up the DagBag from /opt/airflow/dags/example2.py","logger":"airflow.models.dagbag.DagBag"}
{"timestamp":"2025-07-16T22:26:23.694115","level":"info","event":"Filling up the DagBag from /opt/airflow/dags/example2.py","logger":"airflow.models.dagbag.DagBag"}
{"timestamp":"2025-07-16T22:32:37.322539","level":"info","event":"Filling up the DagBag from /opt/airflow/dags/example2.py","logger":"airflow.models.dagbag.DagBag"}
{"timestamp":"2025-07-16T22:33:15.255274","level":"info","event":"Filling up the DagBag from /opt/airflow/dags/example2.py","logger":"airflow.models.dagbag.DagBag"}
{"timestamp":"2025-07-16T22:33:46.791200","level":"info","event":"Filling up the DagBag from /opt/airflow/dags/example2.py","logger":"airflow.models.dagbag.DagBag"}
{"timestamp":"2025-07-16T22:34:20.013607","level":"info","event":"Filling up the DagBag from /opt/airflow/dags/example2.py","logger":"airflow.models.dagbag.DagBag"}
{"timestamp":"2025-07-16T22:34:52.009353","level":"info","event":"Filling up the DagBag from /opt/airflow/dags/example2.py","logger":"airflow.models.dagbag.DagBag"}
{"timestamp":"2025-07-16T22:35:22.557821","level":"info","event":"Filling up the DagBag from /opt/airflow/dags/example2.py","logger":"airflow.models.dagbag.DagBag"}
{"timestamp":"2025-07-16T22:35:53.198485","level":"info","event":"Filling up the DagBag from /opt/airflow/dags/example2.py","logger":"airflow.models.dagbag.DagBag"}
{"timestamp":"2025-07-16T22:36:24.190185","level":"info","event":"Filling up the DagBag from /opt/airflow/dags/example2.py","logger":"airflow.models.dagbag.DagBag"}
{"timestamp":"2025-07-16T22:36:56.961476","level":"info","event":"Filling up the DagBag from /opt/airflow/dags/example2.py","logger":"airflow.models.dagbag.DagBag"}
{"timestamp":"2025-07-16T22:37:29.275439","level":"info","event":"Filling up the DagBag from /opt/airflow/dags/example2.py","logger":"airflow.models.dagbag.DagBag"}
{"timestamp":"2025-07-16T22:38:00.422596","level":"info","event":"Filling up the DagBag from /opt/airflow/dags/example2.py","logger":"airflow.models.dagbag.DagBag"}
{"timestamp":"2025-07-16T22:38:31.096326","level":"info","event":"Filling up the DagBag from /opt/airflow/dags/example2.py","logger":"airflow.models.dagbag.DagBag"}
{"timestamp":"2025-07-16T22:39:02.246881","level":"info","event":"Filling up the DagBag from /opt/airflow/dags/example2.py","logger":"airflow.models.dagbag.DagBag"}
{"timestamp":"2025-07-16T22:39:35.286851","level":"info","event":"Filling up the DagBag from /opt/airflow/dags/example2.py","logger":"airflow.models.dagbag.DagBag"}
{"timestamp":"2025-07-16T22:40:10.785616","level":"info","event":"Filling up the DagBag from /opt/airflow/dags/example2.py","logger":"airflow.models.dagbag.DagBag"}
{"timestamp":"2025-07-16T22:40:42.840185","level":"info","event":"Filling up the DagBag from /opt/airflow/dags/example2.py","logger":"airflow.models.dagbag.DagBag"}
{"timestamp":"2025-07-16T22:41:13.815109","level":"info","event":"Filling up the DagBag from /opt/airflow/dags/example2.py","logger":"airflow.models.dagbag.DagBag"}
{"timestamp":"2025-07-16T22:41:44.343605","level":"info","event":"Filling up the DagBag from /opt/airflow/dags/example2.py","logger":"airflow.models.dagbag.DagBag"}
{"timestamp":"2025-07-16T22:42:15.116539","level":"info","event":"Filling up the DagBag from /opt/airflow/dags/example2.py","logger":"airflow.models.dagbag.DagBag"}
{"timestamp":"2025-07-16T22:42:45.979526","level":"info","event":"Filling up the DagBag from /opt/airflow/dags/example2.py","logger":"airflow.models.dagbag.DagBag"}
{"timestamp":"2025-07-16T22:43:16.527095","level":"info","event":"Filling up the DagBag from /opt/airflow/dags/example2.py","logger":"airflow.models.dagbag.DagBag"}
{"timestamp":"2025-07-16T22:43:47.433094","level":"info","event":"Filling up the DagBag from /opt/airflow/dags/example2.py","logger":"airflow.models.dagbag.DagBag"}
{"timestamp":"2025-07-16T22:44:18.467879","level":"info","event":"Filling up the DagBag from /opt/airflow/dags/example2.py","logger":"airflow.models.dagbag.DagBag"}
{"timestamp":"2025-07-16T22:44:49.519349","level":"info","event":"Filling up the DagBag from /opt/airflow/dags/example2.py","logger":"airflow.models.dagbag.DagBag"}
{"timestamp":"2025-07-16T22:45:20.275165","level":"info","event":"Filling up the DagBag from /opt/airflow/dags/example2.py","logger":"airflow.models.dagbag.DagBag"}
{"timestamp":"2025-07-16T22:45:50.904402","level":"info","event":"Filling up the DagBag from /opt/airflow/dags/example2.py","logger":"airflow.models.dagbag.DagBag"}
{"timestamp":"2025-07-16T22:46:21.845830","level":"info","event":"Filling up the DagBag from /opt/airflow/dags/example2.py","logger":"airflow.models.dagbag.DagBag"}
{"timestamp":"2025-07-16T22:46:52.020939","level":"info","event":"Filling up the DagBag from /opt/airflow/dags/example2.py","logger":"airflow.models.dagbag.DagBag"}
{"timestamp":"2025-07-16T22:47:23.100562","level":"info","event":"Filling up the DagBag from /opt/airflow/dags/example2.py","logger":"airflow.models.dagbag.DagBag"}
{"timestamp":"2025-07-16T22:47:53.762963","level":"info","event":"Filling up the DagBag from /opt/airflow/dags/example2.py","logger":"airflow.models.dagbag.DagBag"}
{"timestamp":"2025-07-16T22:48:23.895431","level":"info","event":"Filling up the DagBag from /opt/airflow/dags/example2.py","logger":"airflow.models.dagbag.DagBag"}
{"timestamp":"2025-07-16T22:48:54.790709","level":"info","event":"Filling up the DagBag from /opt/airflow/dags/example2.py","logger":"airflow.models.dagbag.DagBag"}
{"timestamp":"2025-07-16T22:49:25.015991","level":"info","event":"Filling up the DagBag from /opt/airflow/dags/example2.py","logger":"airflow.models.dagbag.DagBag"}
{"timestamp":"2025-07-16T22:49:55.843706","level":"info","event":"Filling up the DagBag from /opt/airflow/dags/example2.py","logger":"airflow.models.dagbag.DagBag"}
{"timestamp":"2025-07-16T22:50:27.715511","level":"info","event":"Filling up the DagBag from /opt/airflow/dags/example2.py","logger":"airflow.models.dagbag.DagBag"}
{"timestamp":"2025-07-16T22:51:00.577274","level":"info","event":"Filling up the DagBag from /opt/airflow/dags/example2.py","logger":"airflow.models.dagbag.DagBag"}
{"timestamp":"2025-07-16T22:51:35.316638","level":"info","event":"Filling up the DagBag from /opt/airflow/dags/example2.py","logger":"airflow.models.dagbag.DagBag"}
{"timestamp":"2025-07-16T22:52:06.029502","level":"info","event":"Filling up the DagBag from /opt/airflow/dags/example2.py","logger":"airflow.models.dagbag.DagBag"}
{"timestamp":"2025-07-16T22:52:36.251140","level":"info","event":"Filling up the DagBag from /opt/airflow/dags/example2.py","logger":"airflow.models.dagbag.DagBag"}
{"timestamp":"2025-07-16T22:53:06.634146","level":"info","event":"Filling up the DagBag from /opt/airflow/dags/example2.py","logger":"airflow.models.dagbag.DagBag"}
{"timestamp":"2025-07-16T22:53:37.300818","level":"info","event":"Filling up the DagBag from /opt/airflow/dags/example2.py","logger":"airflow.models.dagbag.DagBag"}
{"timestamp":"2025-07-16T22:54:08.167889","level":"info","event":"Filling up the DagBag from /opt/airflow/dags/example2.py","logger":"airflow.models.dagbag.DagBag"}
{"timestamp":"2025-07-16T22:54:40.538765","level":"info","event":"Filling up the DagBag from /opt/airflow/dags/example2.py","logger":"airflow.models.dagbag.DagBag"}
{"timestamp":"2025-07-16T22:55:13.180610","level":"info","event":"Filling up the DagBag from /opt/airflow/dags/example2.py","logger":"airflow.models.dagbag.DagBag"}
{"timestamp":"2025-07-16T22:55:46.393089","level":"info","event":"Filling up the DagBag from /opt/airflow/dags/example2.py","logger":"airflow.models.dagbag.DagBag"}
{"timestamp":"2025-07-16T22:56:33.705911","level":"info","event":"Filling up the DagBag from /opt/airflow/dags/example2.py","logger":"airflow.models.dagbag.DagBag"}
{"timestamp":"2025-07-16T22:57:48.817886","level":"info","event":"Filling up the DagBag from /opt/airflow/dags/example2.py","logger":"airflow.models.dagbag.DagBag"}
{"timestamp":"2025-07-16T22:58:20.684152","level":"info","event":"Filling up the DagBag from /opt/airflow/dags/example2.py","logger":"airflow.models.dagbag.DagBag"}
{"timestamp":"2025-07-16T22:58:51.824638","level":"info","event":"Filling up the DagBag from /opt/airflow/dags/example2.py","logger":"airflow.models.dagbag.DagBag"}
{"timestamp":"2025-07-16T22:59:22.611349","level":"info","event":"Filling up the DagBag from /opt/airflow/dags/example2.py","logger":"airflow.models.dagbag.DagBag"}
{"timestamp":"2025-07-16T22:59:53.160463","level":"info","event":"Filling up the DagBag from /opt/airflow/dags/example2.py","logger":"airflow.models.dagbag.DagBag"}
{"timestamp":"2025-07-16T23:00:24.505361","level":"info","event":"Filling up the DagBag from /opt/airflow/dags/example2.py","logger":"airflow.models.dagbag.DagBag"}
{"timestamp":"2025-07-16T23:00:55.200261","level":"info","event":"Filling up the DagBag from /opt/airflow/dags/example2.py","logger":"airflow.models.dagbag.DagBag"}
{"timestamp":"2025-07-16T23:02:28.742445","level":"info","event":"Filling up the DagBag from /opt/airflow/dags/example2.py","logger":"airflow.models.dagbag.DagBag"}
{"timestamp":"2025-07-16T23:05:27.270501","level":"info","event":"Filling up the DagBag from /opt/airflow/dags/example2.py","logger":"airflow.models.dagbag.DagBag"}
{"timestamp":"2025-07-16T23:08:20.594886","level":"info","event":"Filling up the DagBag from /opt/airflow/dags/example2.py","logger":"airflow.models.dagbag.DagBag"}
{"timestamp":"2025-07-16T23:09:34.614146","level":"info","event":"Filling up the DagBag from /opt/airflow/dags/example2.py","logger":"airflow.models.dagbag.DagBag"}
{"timestamp":"2025-07-16T23:10:19.953539","level":"error","event":"Process timed out, PID: 607","logger":"airflow.utils.timeout.TimeoutPosix"}
{"timestamp":"2025-07-16T23:10:33.366577","level":"error","event":"Failed to import: /opt/airflow/dags/example2.py","logger":"airflow.models.dagbag.DagBag","error_detail":[{"exc_type":"AirflowTaskTimeout","exc_value":"DagBag import timeout for /opt/airflow/dags/example2.py after 30.0s.\nPlease take a look at these docs to improve your DAG import time:\n* https://airflow.apache.org/docs/apache-airflow/3.0.2/best-practices.html#top-level-python-code\n* https://airflow.apache.org/docs/apache-airflow/3.0.2/best-practices.html#reducing-dag-complexity, PID: 607","exc_notes":[],"syntax_error":null,"is_cause":false,"frames":[{"filename":"/home/airflow/.local/lib/python3.10/site-packages/airflow/models/dagbag.py","lineno":394,"name":"parse"},{"filename":"<frozen importlib._bootstrap_external>","lineno":883,"name":"exec_module"},{"filename":"<frozen importlib._bootstrap>","lineno":241,"name":"_call_with_frames_removed"},{"filename":"/opt/airflow/dags/example2.py","lineno":1,"name":"<module>"},{"filename":"/home/airflow/.local/lib/python3.10/site-packages/airflow/decorators/__init__.py","lineno":19,"name":"<module>"},{"filename":"/home/airflow/.local/lib/python3.10/site-packages/airflow/sdk/definitions/decorators/__init__.py","lineno":22,"name":"<module>"},{"filename":"/home/airflow/.local/lib/python3.10/site-packages/airflow/sdk/bases/decorator.py","lineno":68,"name":"<module>"},{"filename":"/home/airflow/.local/lib/python3.10/site-packages/airflow/sdk/bases/decorator.py","lineno":81,"name":"ExpandableFactory"},{"filename":"/usr/local/lib/python3.10/functools.py","lineno":950,"name":"__init__"},{"filename":"/home/airflow/.local/lib/python3.10/site-packages/airflow/utils/timeout.py","lineno":69,"name":"handle_timeout"}],"is_group":false,"exceptions":[]}]}
{"timestamp":"2025-07-16T23:15:04.299618","level":"info","event":"Filling up the DagBag from /opt/airflow/dags/example2.py","logger":"airflow.models.dagbag.DagBag"}
{"timestamp":"2025-07-16T23:15:47.754157","level":"info","event":"Filling up the DagBag from /opt/airflow/dags/example2.py","logger":"airflow.models.dagbag.DagBag"}
{"timestamp":"2025-07-16T23:16:28.814763","level":"info","event":"Filling up the DagBag from /opt/airflow/dags/example2.py","logger":"airflow.models.dagbag.DagBag"}
{"timestamp":"2025-07-16T23:17:07.532467","level":"info","event":"Filling up the DagBag from /opt/airflow/dags/example2.py","logger":"airflow.models.dagbag.DagBag"}
{"timestamp":"2025-07-16T23:17:41.597171","level":"info","event":"Filling up the DagBag from /opt/airflow/dags/example2.py","logger":"airflow.models.dagbag.DagBag"}
{"timestamp":"2025-07-16T23:18:14.154206","level":"info","event":"Filling up the DagBag from /opt/airflow/dags/example2.py","logger":"airflow.models.dagbag.DagBag"}
{"timestamp":"2025-07-16T23:18:46.051115","level":"info","event":"Filling up the DagBag from /opt/airflow/dags/example2.py","logger":"airflow.models.dagbag.DagBag"}
{"timestamp":"2025-07-16T23:19:16.935047","level":"info","event":"Filling up the DagBag from /opt/airflow/dags/example2.py","logger":"airflow.models.dagbag.DagBag"}
{"timestamp":"2025-07-16T23:19:47.212203","level":"info","event":"Filling up the DagBag from /opt/airflow/dags/example2.py","logger":"airflow.models.dagbag.DagBag"}
{"timestamp":"2025-07-16T23:20:26.111892","level":"info","event":"Filling up the DagBag from /opt/airflow/dags/example2.py","logger":"airflow.models.dagbag.DagBag"}
{"timestamp":"2025-07-16T23:21:00.482432","level":"info","event":"Filling up the DagBag from /opt/airflow/dags/example2.py","logger":"airflow.models.dagbag.DagBag"}
{"timestamp":"2025-07-16T23:22:01.237349","level":"info","event":"Filling up the DagBag from /opt/airflow/dags/example2.py","logger":"airflow.models.dagbag.DagBag"}
{"timestamp":"2025-07-16T23:22:33.470858","level":"info","event":"Filling up the DagBag from /opt/airflow/dags/example2.py","logger":"airflow.models.dagbag.DagBag"}
{"timestamp":"2025-07-16T23:23:04.132985","level":"info","event":"Filling up the DagBag from /opt/airflow/dags/example2.py","logger":"airflow.models.dagbag.DagBag"}
{"timestamp":"2025-07-16T23:23:34.934699","level":"info","event":"Filling up the DagBag from /opt/airflow/dags/example2.py","logger":"airflow.models.dagbag.DagBag"}
{"timestamp":"2025-07-16T23:24:06.028098","level":"info","event":"Filling up the DagBag from /opt/airflow/dags/example2.py","logger":"airflow.models.dagbag.DagBag"}
{"timestamp":"2025-07-16T23:24:36.870331","level":"info","event":"Filling up the DagBag from /opt/airflow/dags/example2.py","logger":"airflow.models.dagbag.DagBag"}
{"timestamp":"2025-07-16T23:25:07.615300","level":"info","event":"Filling up the DagBag from /opt/airflow/dags/example2.py","logger":"airflow.models.dagbag.DagBag"}
{"timestamp":"2025-07-16T23:25:38.517174","level":"info","event":"Filling up the DagBag from /opt/airflow/dags/example2.py","logger":"airflow.models.dagbag.DagBag"}
{"timestamp":"2025-07-16T23:26:09.538209","level":"info","event":"Filling up the DagBag from /opt/airflow/dags/example2.py","logger":"airflow.models.dagbag.DagBag"}
{"timestamp":"2025-07-16T23:26:40.503289","level":"info","event":"Filling up the DagBag from /opt/airflow/dags/example2.py","logger":"airflow.models.dagbag.DagBag"}
{"timestamp":"2025-07-16T23:27:11.367211","level":"info","event":"Filling up the DagBag from /opt/airflow/dags/example2.py","logger":"airflow.models.dagbag.DagBag"}
{"timestamp":"2025-07-16T23:27:42.158032","level":"info","event":"Filling up the DagBag from /opt/airflow/dags/example2.py","logger":"airflow.models.dagbag.DagBag"}
{"timestamp":"2025-07-16T23:28:12.843404","level":"info","event":"Filling up the DagBag from /opt/airflow/dags/example2.py","logger":"airflow.models.dagbag.DagBag"}
{"timestamp":"2025-07-16T23:28:43.638711","level":"info","event":"Filling up the DagBag from /opt/airflow/dags/example2.py","logger":"airflow.models.dagbag.DagBag"}
{"timestamp":"2025-07-16T23:29:14.269511","level":"info","event":"Filling up the DagBag from /opt/airflow/dags/example2.py","logger":"airflow.models.dagbag.DagBag"}
{"timestamp":"2025-07-16T23:29:45.222085","level":"info","event":"Filling up the DagBag from /opt/airflow/dags/example2.py","logger":"airflow.models.dagbag.DagBag"}
{"timestamp":"2025-07-16T23:30:15.466406","level":"info","event":"Filling up the DagBag from /opt/airflow/dags/example2.py","logger":"airflow.models.dagbag.DagBag"}
{"timestamp":"2025-07-16T23:30:45.946605","level":"info","event":"Filling up the DagBag from /opt/airflow/dags/example2.py","logger":"airflow.models.dagbag.DagBag"}
{"timestamp":"2025-07-16T23:31:16.727927","level":"info","event":"Filling up the DagBag from /opt/airflow/dags/example2.py","logger":"airflow.models.dagbag.DagBag"}
{"timestamp":"2025-07-16T23:31:47.634674","level":"info","event":"Filling up the DagBag from /opt/airflow/dags/example2.py","logger":"airflow.models.dagbag.DagBag"}
{"timestamp":"2025-07-16T23:32:18.280864","level":"info","event":"Filling up the DagBag from /opt/airflow/dags/example2.py","logger":"airflow.models.dagbag.DagBag"}
{"timestamp":"2025-07-16T23:32:49.437918","level":"info","event":"Filling up the DagBag from /opt/airflow/dags/example2.py","logger":"airflow.models.dagbag.DagBag"}
{"timestamp":"2025-07-16T23:33:19.891726","level":"info","event":"Filling up the DagBag from /opt/airflow/dags/example2.py","logger":"airflow.models.dagbag.DagBag"}
{"timestamp":"2025-07-16T23:33:50.713150","level":"info","event":"Filling up the DagBag from /opt/airflow/dags/example2.py","logger":"airflow.models.dagbag.DagBag"}
{"timestamp":"2025-07-16T23:34:21.092126","level":"info","event":"Filling up the DagBag from /opt/airflow/dags/example2.py","logger":"airflow.models.dagbag.DagBag"}
{"timestamp":"2025-07-16T23:34:51.263609","level":"info","event":"Filling up the DagBag from /opt/airflow/dags/example2.py","logger":"airflow.models.dagbag.DagBag"}
{"timestamp":"2025-07-16T23:35:21.470329","level":"info","event":"Filling up the DagBag from /opt/airflow/dags/example2.py","logger":"airflow.models.dagbag.DagBag"}
{"timestamp":"2025-07-16T23:35:52.139953","level":"info","event":"Filling up the DagBag from /opt/airflow/dags/example2.py","logger":"airflow.models.dagbag.DagBag"}
{"timestamp":"2025-07-16T23:36:22.532971","level":"info","event":"Filling up the DagBag from /opt/airflow/dags/example2.py","logger":"airflow.models.dagbag.DagBag"}
{"timestamp":"2025-07-16T23:36:54.029799","level":"info","event":"Filling up the DagBag from /opt/airflow/dags/example2.py","logger":"airflow.models.dagbag.DagBag"}
{"timestamp":"2025-07-16T23:37:29.717398","level":"info","event":"Filling up the DagBag from /opt/airflow/dags/example2.py","logger":"airflow.models.dagbag.DagBag"}
{"timestamp":"2025-07-16T23:38:02.891042","level":"info","event":"Filling up the DagBag from /opt/airflow/dags/example2.py","logger":"airflow.models.dagbag.DagBag"}
{"timestamp":"2025-07-16T23:38:55.162095","level":"info","event":"Filling up the DagBag from /opt/airflow/dags/example2.py","logger":"airflow.models.dagbag.DagBag"}
{"timestamp":"2025-07-16T23:39:28.060299","level":"info","event":"Filling up the DagBag from /opt/airflow/dags/example2.py","logger":"airflow.models.dagbag.DagBag"}
{"timestamp":"2025-07-16T23:40:00.000922","level":"info","event":"Filling up the DagBag from /opt/airflow/dags/example2.py","logger":"airflow.models.dagbag.DagBag"}
{"timestamp":"2025-07-16T23:40:31.414238","level":"info","event":"Filling up the DagBag from /opt/airflow/dags/example2.py","logger":"airflow.models.dagbag.DagBag"}
{"timestamp":"2025-07-16T23:41:02.140446","level":"info","event":"Filling up the DagBag from /opt/airflow/dags/example2.py","logger":"airflow.models.dagbag.DagBag"}
{"timestamp":"2025-07-16T23:41:32.339626","level":"info","event":"Filling up the DagBag from /opt/airflow/dags/example2.py","logger":"airflow.models.dagbag.DagBag"}
{"timestamp":"2025-07-16T23:42:02.625359","level":"info","event":"Filling up the DagBag from /opt/airflow/dags/example2.py","logger":"airflow.models.dagbag.DagBag"}
{"timestamp":"2025-07-16T23:42:33.518620","level":"info","event":"Filling up the DagBag from /opt/airflow/dags/example2.py","logger":"airflow.models.dagbag.DagBag"}
{"timestamp":"2025-07-16T23:43:04.088370","level":"info","event":"Filling up the DagBag from /opt/airflow/dags/example2.py","logger":"airflow.models.dagbag.DagBag"}
{"timestamp":"2025-07-16T23:43:34.749742","level":"info","event":"Filling up the DagBag from /opt/airflow/dags/example2.py","logger":"airflow.models.dagbag.DagBag"}
{"timestamp":"2025-07-16T23:44:05.054682","level":"info","event":"Filling up the DagBag from /opt/airflow/dags/example2.py","logger":"airflow.models.dagbag.DagBag"}
{"timestamp":"2025-07-16T23:44:35.277829","level":"info","event":"Filling up the DagBag from /opt/airflow/dags/example2.py","logger":"airflow.models.dagbag.DagBag"}
{"timestamp":"2025-07-16T23:45:06.213545","level":"info","event":"Filling up the DagBag from /opt/airflow/dags/example2.py","logger":"airflow.models.dagbag.DagBag"}
{"timestamp":"2025-07-16T23:45:36.962998","level":"info","event":"Filling up the DagBag from /opt/airflow/dags/example2.py","logger":"airflow.models.dagbag.DagBag"}
{"timestamp":"2025-07-16T23:46:07.582339","level":"info","event":"Filling up the DagBag from /opt/airflow/dags/example2.py","logger":"airflow.models.dagbag.DagBag"}
{"timestamp":"2025-07-16T23:46:38.339577","level":"info","event":"Filling up the DagBag from /opt/airflow/dags/example2.py","logger":"airflow.models.dagbag.DagBag"}
{"timestamp":"2025-07-16T23:47:09.246851","level":"info","event":"Filling up the DagBag from /opt/airflow/dags/example2.py","logger":"airflow.models.dagbag.DagBag"}
{"timestamp":"2025-07-16T23:47:40.628460","level":"info","event":"Filling up the DagBag from /opt/airflow/dags/example2.py","logger":"airflow.models.dagbag.DagBag"}
{"timestamp":"2025-07-16T23:48:11.484886","level":"info","event":"Filling up the DagBag from /opt/airflow/dags/example2.py","logger":"airflow.models.dagbag.DagBag"}
{"timestamp":"2025-07-16T23:48:42.054849","level":"info","event":"Filling up the DagBag from /opt/airflow/dags/example2.py","logger":"airflow.models.dagbag.DagBag"}
{"timestamp":"2025-07-16T23:49:13.087862","level":"info","event":"Filling up the DagBag from /opt/airflow/dags/example2.py","logger":"airflow.models.dagbag.DagBag"}
{"timestamp":"2025-07-16T23:49:43.681929","level":"info","event":"Filling up the DagBag from /opt/airflow/dags/example2.py","logger":"airflow.models.dagbag.DagBag"}
{"timestamp":"2025-07-16T23:50:14.061570","level":"info","event":"Filling up the DagBag from /opt/airflow/dags/example2.py","logger":"airflow.models.dagbag.DagBag"}
{"timestamp":"2025-07-16T23:50:44.995393","level":"info","event":"Filling up the DagBag from /opt/airflow/dags/example2.py","logger":"airflow.models.dagbag.DagBag"}
{"timestamp":"2025-07-16T23:51:16.881717","level":"info","event":"Filling up the DagBag from /opt/airflow/dags/example2.py","logger":"airflow.models.dagbag.DagBag"}
{"timestamp":"2025-07-16T23:51:47.566469","level":"info","event":"Filling up the DagBag from /opt/airflow/dags/example2.py","logger":"airflow.models.dagbag.DagBag"}
{"timestamp":"2025-07-16T23:52:18.067521","level":"info","event":"Filling up the DagBag from /opt/airflow/dags/example2.py","logger":"airflow.models.dagbag.DagBag"}
{"timestamp":"2025-07-16T23:52:49.280478","level":"info","event":"Filling up the DagBag from /opt/airflow/dags/example2.py","logger":"airflow.models.dagbag.DagBag"}
{"timestamp":"2025-07-16T23:53:19.972291","level":"info","event":"Filling up the DagBag from /opt/airflow/dags/example2.py","logger":"airflow.models.dagbag.DagBag"}
{"timestamp":"2025-07-16T23:53:50.447206","level":"info","event":"Filling up the DagBag from /opt/airflow/dags/example2.py","logger":"airflow.models.dagbag.DagBag"}
{"timestamp":"2025-07-16T23:54:21.133213","level":"info","event":"Filling up the DagBag from /opt/airflow/dags/example2.py","logger":"airflow.models.dagbag.DagBag"}
{"timestamp":"2025-07-16T23:54:51.896084","level":"info","event":"Filling up the DagBag from /opt/airflow/dags/example2.py","logger":"airflow.models.dagbag.DagBag"}
{"timestamp":"2025-07-16T23:55:22.496852","level":"info","event":"Filling up the DagBag from /opt/airflow/dags/example2.py","logger":"airflow.models.dagbag.DagBag"}
{"timestamp":"2025-07-16T23:55:52.884652","level":"info","event":"Filling up the DagBag from /opt/airflow/dags/example2.py","logger":"airflow.models.dagbag.DagBag"}
{"timestamp":"2025-07-16T23:56:23.422051","level":"info","event":"Filling up the DagBag from /opt/airflow/dags/example2.py","logger":"airflow.models.dagbag.DagBag"}
{"timestamp":"2025-07-16T23:56:54.041844","level":"info","event":"Filling up the DagBag from /opt/airflow/dags/example2.py","logger":"airflow.models.dagbag.DagBag"}
{"timestamp":"2025-07-16T23:57:24.478819","level":"info","event":"Filling up the DagBag from /opt/airflow/dags/example2.py","logger":"airflow.models.dagbag.DagBag"}
{"timestamp":"2025-07-16T23:57:55.128912","level":"info","event":"Filling up the DagBag from /opt/airflow/dags/example2.py","logger":"airflow.models.dagbag.DagBag"}
{"timestamp":"2025-07-16T23:58:25.558129","level":"info","event":"Filling up the DagBag from /opt/airflow/dags/example2.py","logger":"airflow.models.dagbag.DagBag"}
{"timestamp":"2025-07-16T23:58:55.915472","level":"info","event":"Filling up the DagBag from /opt/airflow/dags/example2.py","logger":"airflow.models.dagbag.DagBag"}
{"timestamp":"2025-07-16T23:59:26.625341","level":"info","event":"Filling up the DagBag from /opt/airflow/dags/example2.py","logger":"airflow.models.dagbag.DagBag"}
{"timestamp":"2025-07-16T23:59:57.139012","level":"info","event":"Filling up the DagBag from /opt/airflow/dags/example2.py","logger":"airflow.models.dagbag.DagBag"}
